85424165
556570894
196993159
640052334
639313737
642416403
646124941
110964914
530000097
264394656
573681412
645387053
645285145
645318456
640606491
646336386
646350469
646158756
646167575
646002967
646295478
646037231
640416237
642156746
644471172
639546297
637790772
643393856
643437122
643456781
501977703
646169558
525229824
287661650
232679928
646025220
646027123
645574312
646030808
646036903
640829194
645829884
645372061
645491386
646187362
646102507
641774995
646313795
646108705
645333033
639420750
644539448
643288613
573435640
646158956
345736039
277449146
645564136
344601083
337455049
640435960
520536607
112711154
121562576
107301822
296692083
646152873
645226264
645922182
645509842
646170378
645371347
642088635
644024668
645926338
645315696
645419755
645621128
645911173
645593725
645601080
645603683
645518626
645502468
645829938
638769025
645397449
646172562
644960340
646231283
646187871
646044637
645741802
645756673
645958503
645614426
645489166
645689995
645644586
645366010
